<?xml version="1.0" encoding="UTF-8"?>
<!-- Generated by org.testng.reporters.JUnitXMLReporter -->
<testsuite ignored="3" hostname="DESKTOP-F8KFG8V" failures="0" tests="1" name="Default test" time="3.562" errors="0" timestamp="2024-03-14T12:17:32 IST">
  <testcase classname="test.TestNGCases" name="readExcel" time="3.48"/>
  <testcase classname="test.TestNGCases" name="getFromExcelSource" time="0.0">
    <ignored/>
  </testcase> <!-- getFromExcelSource -->
  <testcase classname="test.TestNGCases" name="getFromExcel" time="0.0">
    <ignored/>
  </testcase> <!-- getFromExcel -->
  <testcase classname="test.TestNGCases" name="homePageTest" time="0.0">
    <ignored/>
  </testcase> <!-- homePageTest -->
</testsuite> <!-- Default test -->
