<?xml version="1.0" encoding="UTF-8"?>
<!-- Generated by org.testng.reporters.JUnitXMLReporter -->
<testsuite ignored="1" hostname="DESKTOP-F8KFG8V" failures="0" tests="1" name="Default test" time="13.863" errors="0" timestamp="2023-12-30T21:03:08 IST">
  <testcase classname="uiOperations.SeleniumUIOperations" name="enterSearch" time="8.144"/>
  <testcase classname="uiOperations.SeleniumUIOperations" name="getMethods" time="0.0">
    <ignored/>
  </testcase> <!-- getMethods -->
</testsuite> <!-- Default test -->
