<?xml version="1.0" encoding="UTF-8"?>
<!-- Generated by org.testng.reporters.JUnitXMLReporter -->
<testsuite ignored="6" hostname="DESKTOP-F8KFG8V" failures="0" tests="2" name="Test Selection" time="0.167" errors="0" timestamp="2024-02-13T11:51:33 IST">
  <testcase classname="testNGSelection.testSelectionTestNG" name="caMobile" time="0.022"/>
  <testcase classname="testNGSelection.testSelectionTestNG" name="usMobile" time="0.006"/>
  <testcase classname="testNGSelection.testSelectionTestNG" name="frDesktop" time="0.0">
    <ignored/>
  </testcase> <!-- frDesktop -->
  <testcase classname="testNGSelection.testSelectionTestNG" name="frMobile" time="0.0">
    <ignored/>
  </testcase> <!-- frMobile -->
  <testcase classname="testNGSelection.testSelectionTestNG" name="ukDesktop" time="0.0">
    <ignored/>
  </testcase> <!-- ukDesktop -->
  <testcase classname="testNGSelection.testSelectionTestNG" name="ukMobile" time="0.0">
    <ignored/>
  </testcase> <!-- ukMobile -->
  <testcase classname="testNGSelection.testSelectionTestNG" name="usDesktop" time="0.0">
    <ignored/>
  </testcase> <!-- usDesktop -->
  <testcase classname="testNGSelection.testSelectionTestNG" name="caDesktop" time="0.0">
    <ignored/>
  </testcase> <!-- caDesktop -->
</testsuite> <!-- Test Selection -->
