<?xml version="1.0" encoding="UTF-8"?>
<!-- Generated by org.testng.reporters.JUnitXMLReporter -->
<testsuite ignored="0" hostname="DESKTOP-F8KFG8V" failures="0" tests="1" name="TestNGTest" time="0.223" errors="0" timestamp="2023-12-02T00:57:29 IST">
  <testcase classname="test.TestNGCases" name="@BeforeClass initialiseBrowser" time="0.02">
    <failure type="java.lang.NullPointerException">
      <![CDATA[java.lang.NullPointerException
at test.TestNGCases.initialiseBrowser(TestNGCases.java:34)
at java.base/java.util.ArrayList.forEach(ArrayList.java:1540)
... Removed 25 stack frames]]>
    </failure>
  </testcase> <!-- @BeforeClass initialiseBrowser -->
  <testcase classname="test.TestNGCases" name="@BeforeClass loadURL" time="-1.701458849412E9">
    <skipped/>
  </testcase> <!-- @BeforeClass loadURL -->
  <testcase classname="test.TestNGCases" name="@AfterClass quitBrowser" time="-1.701458849477E9">
    <skipped/>
  </testcase> <!-- @AfterClass quitBrowser -->
  <testcase classname="test.TestNGCases" name="verifyPageLoaded" time="0.0">
    <skipped/>
  </testcase> <!-- verifyPageLoaded -->
</testsuite> <!-- TestNGTest -->
