<?xml version="1.0" encoding="UTF-8"?>
<!-- Generated by org.testng.reporters.JUnitXMLReporter -->
<testsuite ignored="0" hostname="DESKTOP-F8KFG8V" failures="0" tests="1" name="TestNGTest" time="0.932" errors="0" timestamp="2023-12-05T16:47:03 IST">
  <testcase classname="test.TestNGCases" name="@BeforeClass initializeTest" time="0.846">
    <failure type="java.lang.NullPointerException">
      <![CDATA[java.lang.NullPointerException
at test.TestNGCases.initializeTest(TestNGCases.java:32)
at java.base/java.util.ArrayList.forEach(ArrayList.java:1540)
... Removed 25 stack frames]]>
    </failure>
  </testcase> <!-- @BeforeClass initializeTest -->
  <testcase classname="test.TestNGCases" name="@AfterClass endTest" time="-1.70177502382E9">
    <skipped/>
  </testcase> <!-- @AfterClass endTest -->
  <testcase classname="test.TestNGCases" name="loadPage" time="0.0">
    <skipped/>
  </testcase> <!-- loadPage -->
</testsuite> <!-- TestNGTest -->
